0 info it worked if it ends with ok
1 verbose cli [ '/usr/local/bin/node', '/usr/local/bin/npm', 'install', 'bs4' ]
2 info using npm@3.10.10
3 info using node@v6.11.3
4 silly loadCurrentTree Starting
5 silly install loadCurrentTree
6 silly install readLocalPackageData
7 silly fetchPackageMetaData bs4
8 silly fetchNamedPackageData bs4
9 silly mapToRegistry name bs4
10 silly mapToRegistry using default registry
11 silly mapToRegistry registry https://registry.npmjs.org/
12 silly mapToRegistry data Result {
12 silly mapToRegistry   raw: 'bs4',
12 silly mapToRegistry   scope: null,
12 silly mapToRegistry   escapedName: 'bs4',
12 silly mapToRegistry   name: 'bs4',
12 silly mapToRegistry   rawSpec: '',
12 silly mapToRegistry   spec: 'latest',
12 silly mapToRegistry   type: 'tag' }
13 silly mapToRegistry uri https://registry.npmjs.org/bs4
14 verbose request uri https://registry.npmjs.org/bs4
15 verbose request no auth needed
16 info attempt registry request try #1 at 11:40:19 AM
17 verbose request id 759c60c1386828b9
18 http request GET https://registry.npmjs.org/bs4
19 http 200 https://registry.npmjs.org/bs4
20 verbose headers { server: 'nginx/1.10.1',
20 verbose headers   'content-type': 'application/json',
20 verbose headers   'last-modified': 'Sun, 09 Apr 2017 18:34:50 GMT',
20 verbose headers   etag: 'W/"58ea7eca-214"',
20 verbose headers   'content-encoding': 'gzip',
20 verbose headers   'cache-control': 'max-age=300',
20 verbose headers   'content-length': '276',
20 verbose headers   'accept-ranges': 'bytes',
20 verbose headers   date: 'Fri, 10 Nov 2017 16:40:19 GMT',
20 verbose headers   via: '1.1 varnish',
20 verbose headers   age: '0',
20 verbose headers   connection: 'keep-alive',
20 verbose headers   'x-served-by': 'cache-mia17631-MIA',
20 verbose headers   'x-cache': 'MISS',
20 verbose headers   'x-cache-hits': '0',
20 verbose headers   'x-timer': 'S1510332019.343945,VS0,VE61',
20 verbose headers   vary: 'Accept-Encoding, Accept' }
21 silly get cb [ 200,
21 silly get   { server: 'nginx/1.10.1',
21 silly get     'content-type': 'application/json',
21 silly get     'last-modified': 'Sun, 09 Apr 2017 18:34:50 GMT',
21 silly get     etag: 'W/"58ea7eca-214"',
21 silly get     'content-encoding': 'gzip',
21 silly get     'cache-control': 'max-age=300',
21 silly get     'content-length': '276',
21 silly get     'accept-ranges': 'bytes',
21 silly get     date: 'Fri, 10 Nov 2017 16:40:19 GMT',
21 silly get     via: '1.1 varnish',
21 silly get     age: '0',
21 silly get     connection: 'keep-alive',
21 silly get     'x-served-by': 'cache-mia17631-MIA',
21 silly get     'x-cache': 'MISS',
21 silly get     'x-cache-hits': '0',
21 silly get     'x-timer': 'S1510332019.343945,VS0,VE61',
21 silly get     vary: 'Accept-Encoding, Accept' } ]
22 verbose get saving bs4 to /Users/hotcheetos/.npm/registry.npmjs.org/bs4/.cache.json
23 verbose correctMkdir /Users/hotcheetos/.npm correctMkdir not in flight; initializing
24 verbose stack TypeError: Cannot convert undefined or null to object
24 verbose stack     at pickVersionFromRegistryDocument (/usr/local/lib/node_modules/npm/lib/fetch-package-metadata.js:125:29)
24 verbose stack     at /usr/local/lib/node_modules/npm/node_modules/iferr/index.js:13:50
24 verbose stack     at /usr/local/lib/node_modules/npm/lib/utils/pulse-till-done.js:20:8
24 verbose stack     at saved (/usr/local/lib/node_modules/npm/lib/cache/caching-client.js:174:7)
24 verbose stack     at /usr/local/lib/node_modules/npm/node_modules/graceful-fs/polyfills.js:241:18
24 verbose stack     at FSReqWrap.oncomplete (fs.js:123:15)
25 verbose cwd /Users/hotcheetos/Documents/Workspace/Git/py_box/code
26 error Darwin 16.7.0
27 error argv "/usr/local/bin/node" "/usr/local/bin/npm" "install" "bs4"
28 error node v6.11.3
29 error npm  v3.10.10
30 error Cannot convert undefined or null to object
31 error If you need help, you may report this error at:
31 error     <https://github.com/npm/npm/issues>
32 verbose exit [ 1, true ]
